=== INICIO TAREA ARRAY ID: 3 (Semilla: ) ===
=== INICIO TAREA ARRAY ID: 4 (Semilla: ) ===
=== INICIO TAREA ARRAY ID: 2 (Semilla: ) ===
=== INICIO TAREA ARRAY ID: 1 (Semilla: ) ===
-------------------------------------------------
 Generation time (max/min/avg): 698.837 / 698.811 / 698.824 ms
 Computation time (max/min/avg): 231878 / 0 / 115939 ms
-------------------------------------------------
-------------------------------------------------
 Generation time (max/min/avg): 698.772 / 698.221 / 698.497 ms
 Computation time (max/min/avg): 231884 / 0 / 115942 ms
-------------------------------------------------
-------------------------------------------------
 Generation time (max/min/avg): 703.061 / 699.071 / 701.066 ms
 Computation time (max/min/avg): 231858 / 0 / 115929 ms
-------------------------------------------------
-------------------------------------------------
 Generation time (max/min/avg): 701.882 / 698.596 / 700.239 ms
 Computation time (max/min/avg): 231872 / 0 / 115936 ms
-------------------------------------------------
=== FIN TAREA ARRAY ID: 3 ===
=== FIN TAREA ARRAY ID: 4 ===
=== FIN TAREA ARRAY ID: 1 ===
=== FIN TAREA ARRAY ID: 2 ===
=== INICIO TAREA ARRAY ID: 8 (Semilla: ) ===
=== INICIO TAREA ARRAY ID: 7 (Semilla: ) ===
=== INICIO TAREA ARRAY ID: 6 (Semilla: ) ===
=== INICIO TAREA ARRAY ID: 5 (Semilla: ) ===
-------------------------------------------------
 Generation time (max/min/avg): 706.9 / 675.097 / 690.999 ms
 Computation time (max/min/avg): 223420 / 0 / 111710 ms
-------------------------------------------------
-------------------------------------------------
 Generation time (max/min/avg): 702.839 / 675.147 / 688.993 ms
 Computation time (max/min/avg): 223416 / 0 / 111708 ms
-------------------------------------------------
-------------------------------------------------
 Generation time (max/min/avg): 700.248 / 674.023 / 687.135 ms
 Computation time (max/min/avg): 223427 / 0 / 111714 ms
-------------------------------------------------
=== FIN TAREA ARRAY ID: 7 ===
-------------------------------------------------
 Generation time (max/min/avg): 702.813 / 675.496 / 689.154 ms
 Computation time (max/min/avg): 223530 / 0 / 111765 ms
-------------------------------------------------
=== FIN TAREA ARRAY ID: 5 ===
=== FIN TAREA ARRAY ID: 8 ===
=== FIN TAREA ARRAY ID: 6 ===
=== INICIO TAREA ARRAY ID: 11 (Semilla: ) ===
=== INICIO TAREA ARRAY ID: 10 (Semilla: ) ===
=== INICIO TAREA ARRAY ID: 9 (Semilla: ) ===
=== INICIO TAREA ARRAY ID: 12 (Semilla: ) ===
-------------------------------------------------
 Generation time (max/min/avg): 705.848 / 675.991 / 690.919 ms
 Computation time (max/min/avg): 223404 / 0 / 111702 ms
-------------------------------------------------
-------------------------------------------------
 Generation time (max/min/avg): 702.422 / 675.913 / 689.168 ms
 Computation time (max/min/avg): 223419 / 0 / 111709 ms
-------------------------------------------------
-------------------------------------------------
 Generation time (max/min/avg): 701.351 / 675.38 / 688.366 ms
 Computation time (max/min/avg): 223436 / 0 / 111718 ms
-------------------------------------------------
-------------------------------------------------
 Generation time (max/min/avg): 703.009 / 676.071 / 689.54 ms
 Computation time (max/min/avg): 223540 / 0 / 111770 ms
-------------------------------------------------
=== FIN TAREA ARRAY ID: 12 ===
=== FIN TAREA ARRAY ID: 11 ===
=== FIN TAREA ARRAY ID: 10 ===
=== FIN TAREA ARRAY ID: 9 ===
=== INICIO TAREA ARRAY ID: 13 (Semilla: ) ===
=== INICIO TAREA ARRAY ID: 14 (Semilla: ) ===
=== INICIO TAREA ARRAY ID: 15 (Semilla: ) ===
=== INICIO TAREA ARRAY ID: 16 (Semilla: ) ===
-------------------------------------------------
 Generation time (max/min/avg): 699.162 / 696.58 / 697.871 ms
 Computation time (max/min/avg): 223396 / 0 / 111698 ms
-------------------------------------------------
-------------------------------------------------
 Generation time (max/min/avg): 698.374 / 695.09 / 696.732 ms
 Computation time (max/min/avg): 223404 / 0 / 111702 ms
-------------------------------------------------
-------------------------------------------------
 Generation time (max/min/avg): 697.426 / 694.615 / 696.02 ms
 Computation time (max/min/avg): 223511 / 0 / 111756 ms
-------------------------------------------------
=== FIN TAREA ARRAY ID: 15 ===
=== FIN TAREA ARRAY ID: 13 ===
=== FIN TAREA ARRAY ID: 14 ===
-------------------------------------------------
 Generation time (max/min/avg): 703.048 / 674.979 / 689.014 ms
 Computation time (max/min/avg): 223373 / 0 / 111687 ms
-------------------------------------------------
=== FIN TAREA ARRAY ID: 16 ===
=== INICIO TAREA ARRAY ID: 19 (Semilla: ) ===
=== INICIO TAREA ARRAY ID: 18 (Semilla: ) ===
=== INICIO TAREA ARRAY ID: 17 (Semilla: ) ===
=== INICIO TAREA ARRAY ID: 20 (Semilla: ) ===
-------------------------------------------------
 Generation time (max/min/avg): 705.158 / 692.771 / 698.964 ms
 Computation time (max/min/avg): 223318 / 0 / 111659 ms
-------------------------------------------------
-------------------------------------------------
 Generation time (max/min/avg): 699.562 / 693.083 / 696.322 ms
 Computation time (max/min/avg): 223337 / 0 / 111669 ms
-------------------------------------------------
-------------------------------------------------
 Generation time (max/min/avg): 699.778 / 692.852 / 696.315 ms
 Computation time (max/min/avg): 223328 / 0 / 111664 ms
-------------------------------------------------
=== FIN TAREA ARRAY ID: 17 ===
=== FIN TAREA ARRAY ID: 19 ===
=== FIN TAREA ARRAY ID: 18 ===
-------------------------------------------------
 Generation time (max/min/avg): 706.82 / 674.211 / 690.516 ms
 Computation time (max/min/avg): 223330 / 0 / 111665 ms
-------------------------------------------------
=== FIN TAREA ARRAY ID: 20 ===
=== INICIO TAREA ARRAY ID: 23 (Semilla: ) ===
=== INICIO TAREA ARRAY ID: 22 (Semilla: ) ===
=== INICIO TAREA ARRAY ID: 21 (Semilla: ) ===
=== INICIO TAREA ARRAY ID: 24 (Semilla: ) ===
-------------------------------------------------
 Generation time (max/min/avg): 700.493 / 684.281 / 692.387 ms
 Computation time (max/min/avg): 223449 / 0 / 111725 ms
-------------------------------------------------
-------------------------------------------------
 Generation time (max/min/avg): 699.033 / 685.646 / 692.339 ms
 Computation time (max/min/avg): 223501 / 0 / 111751 ms
-------------------------------------------------
=== FIN TAREA ARRAY ID: 22 ===
=== FIN TAREA ARRAY ID: 23 ===
-------------------------------------------------
 Generation time (max/min/avg): 701.231 / 685.69 / 693.461 ms
 Computation time (max/min/avg): 223610 / 0 / 111805 ms
-------------------------------------------------
=== FIN TAREA ARRAY ID: 21 ===
-------------------------------------------------
 Generation time (max/min/avg): 705.92 / 674.972 / 690.446 ms
 Computation time (max/min/avg): 223442 / 0 / 111721 ms
-------------------------------------------------
=== FIN TAREA ARRAY ID: 24 ===
=== INICIO TAREA ARRAY ID: 26 (Semilla: ) ===
=== INICIO TAREA ARRAY ID: 25 (Semilla: ) ===
=== INICIO TAREA ARRAY ID: 28 (Semilla: ) ===
=== INICIO TAREA ARRAY ID: 27 (Semilla: ) ===
-------------------------------------------------
 Generation time (max/min/avg): 701.182 / 675.266 / 688.224 ms
 Computation time (max/min/avg): 223510 / 0 / 111755 ms
-------------------------------------------------
-------------------------------------------------
 Generation time (max/min/avg): 701.955 / 674.877 / 688.416 ms
 Computation time (max/min/avg): 223492 / 0 / 111746 ms
-------------------------------------------------
-------------------------------------------------
 Generation time (max/min/avg): 701.292 / 674.706 / 687.999 ms
 Computation time (max/min/avg): 223511 / 0 / 111755 ms
-------------------------------------------------
-------------------------------------------------
 Generation time (max/min/avg): 707.22 / 676.073 / 691.647 ms
 Computation time (max/min/avg): 223624 / 0 / 111812 ms
-------------------------------------------------
=== FIN TAREA ARRAY ID: 26 ===
=== FIN TAREA ARRAY ID: 27 ===
=== FIN TAREA ARRAY ID: 25 ===
=== FIN TAREA ARRAY ID: 28 ===
=== INICIO TAREA ARRAY ID: 29 (Semilla: ) ===
=== INICIO TAREA ARRAY ID: 30 (Semilla: ) ===
-------------------------------------------------
 Generation time (max/min/avg): 644.346 / 611.274 / 627.81 ms
 Computation time (max/min/avg): 200942 / 0 / 100471 ms
-------------------------------------------------
-------------------------------------------------
 Generation time (max/min/avg): 642.804 / 610.792 / 626.798 ms
 Computation time (max/min/avg): 200941 / 0 / 100471 ms
-------------------------------------------------
=== FIN TAREA ARRAY ID: 30 ===
=== FIN TAREA ARRAY ID: 29 ===
