=== INICIO TAREA ARRAY ID: 1 (Semilla: ) ===
=== INICIO TAREA ARRAY ID: 2 (Semilla: ) ===
=== INICIO TAREA ARRAY ID: 4 (Semilla: ) ===
=== INICIO TAREA ARRAY ID: 3 (Semilla: ) ===
-------------------------------------------------
 Generation time (max/min/avg): 359.43 / 352.487 / 354.636 ms
 Computation time (max/min/avg): 77346.9 / 0 / 57985.7 ms
-------------------------------------------------
-------------------------------------------------
 Generation time (max/min/avg): 358.574 / 356.076 / 356.72 ms
 Computation time (max/min/avg): 77342.2 / 0 / 57983 ms
-------------------------------------------------
-------------------------------------------------
 Generation time (max/min/avg): 354.584 / 353.34 / 354.016 ms
 Computation time (max/min/avg): 77344.9 / 0 / 57983.8 ms
-------------------------------------------------
-------------------------------------------------
 Generation time (max/min/avg): 353.928 / 350.706 / 352.373 ms
 Computation time (max/min/avg): 77361 / 0 / 57990.8 ms
-------------------------------------------------
=== FIN TAREA ARRAY ID: 2 ===
=== FIN TAREA ARRAY ID: 3 ===
=== FIN TAREA ARRAY ID: 4 ===
=== FIN TAREA ARRAY ID: 1 ===
=== INICIO TAREA ARRAY ID: 5 (Semilla: ) ===
=== INICIO TAREA ARRAY ID: 6 (Semilla: ) ===
=== INICIO TAREA ARRAY ID: 8 (Semilla: ) ===
=== INICIO TAREA ARRAY ID: 7 (Semilla: ) ===
-------------------------------------------------
 Generation time (max/min/avg): 354.715 / 354.186 / 354.426 ms
 Computation time (max/min/avg): 77312.9 / 0 / 57961.1 ms
-------------------------------------------------
-------------------------------------------------
 Generation time (max/min/avg): 360.582 / 352.449 / 354.654 ms
 Computation time (max/min/avg): 77314.9 / 0 / 57962.5 ms
-------------------------------------------------
-------------------------------------------------
 Generation time (max/min/avg): 355.096 / 353.723 / 354.411 ms
 Computation time (max/min/avg): 77310.7 / 0 / 57959.2 ms
-------------------------------------------------
-------------------------------------------------
 Generation time (max/min/avg): 354.521 / 353.246 / 353.863 ms
 Computation time (max/min/avg): 77370.8 / 0 / 58006.8 ms
-------------------------------------------------
=== FIN TAREA ARRAY ID: 7 ===
=== FIN TAREA ARRAY ID: 6 ===
=== FIN TAREA ARRAY ID: 8 ===
=== FIN TAREA ARRAY ID: 5 ===
=== INICIO TAREA ARRAY ID: 10 (Semilla: ) ===
=== INICIO TAREA ARRAY ID: 9 (Semilla: ) ===
=== INICIO TAREA ARRAY ID: 12 (Semilla: ) ===
=== INICIO TAREA ARRAY ID: 11 (Semilla: ) ===
-------------------------------------------------
 Generation time (max/min/avg): 355.913 / 352.387 / 354.409 ms
 Computation time (max/min/avg): 77317.1 / 0 / 57962.2 ms
-------------------------------------------------
-------------------------------------------------
 Generation time (max/min/avg): 352.254 / 351.174 / 351.859 ms
 Computation time (max/min/avg): 77312.6 / 0 / 57961 ms
-------------------------------------------------
-------------------------------------------------
 Generation time (max/min/avg): 353.551 / 352.721 / 353.137 ms
 Computation time (max/min/avg): 77322.1 / 0 / 57967.4 ms
-------------------------------------------------
-------------------------------------------------
 Generation time (max/min/avg): 352.134 / 351.252 / 351.565 ms
 Computation time (max/min/avg): 77322.8 / 0 / 57971.1 ms
-------------------------------------------------
=== FIN TAREA ARRAY ID: 11 ===
=== FIN TAREA ARRAY ID: 10 ===
=== FIN TAREA ARRAY ID: 12 ===
=== FIN TAREA ARRAY ID: 9 ===
=== INICIO TAREA ARRAY ID: 14 (Semilla: ) ===
=== INICIO TAREA ARRAY ID: 15 (Semilla: ) ===
=== INICIO TAREA ARRAY ID: 13 (Semilla: ) ===
=== INICIO TAREA ARRAY ID: 16 (Semilla: ) ===
-------------------------------------------------
 Generation time (max/min/avg): 352.827 / 352.029 / 352.436 ms
 Computation time (max/min/avg): 77330 / 0 / 57972 ms
-------------------------------------------------
-------------------------------------------------
 Generation time (max/min/avg): 353.343 / 352.609 / 352.937 ms
 Computation time (max/min/avg): 77331.8 / 0 / 57975.4 ms
-------------------------------------------------
-------------------------------------------------
 Generation time (max/min/avg): 354.212 / 353.36 / 353.778 ms
 Computation time (max/min/avg): 77331.8 / 0 / 57973.1 ms
-------------------------------------------------
-------------------------------------------------
 Generation time (max/min/avg): 354.036 / 353.347 / 353.789 ms
 Computation time (max/min/avg): 77330.3 / 0 / 57971.2 ms
-------------------------------------------------
=== FIN TAREA ARRAY ID: 14 ===
=== FIN TAREA ARRAY ID: 15 ===
=== FIN TAREA ARRAY ID: 16 ===
=== FIN TAREA ARRAY ID: 13 ===
=== INICIO TAREA ARRAY ID: 19 (Semilla: ) ===
=== INICIO TAREA ARRAY ID: 18 (Semilla: ) ===
=== INICIO TAREA ARRAY ID: 17 (Semilla: ) ===
=== INICIO TAREA ARRAY ID: 20 (Semilla: ) ===
-------------------------------------------------
 Generation time (max/min/avg): 352.908 / 351.798 / 352.456 ms
 Computation time (max/min/avg): 77328.8 / 0 / 57972.4 ms
-------------------------------------------------
-------------------------------------------------
 Generation time (max/min/avg): 352.803 / 352.093 / 352.452 ms
 Computation time (max/min/avg): 77325.3 / 0 / 57969.6 ms
-------------------------------------------------
-------------------------------------------------
 Generation time (max/min/avg): 352.81 / 352.356 / 352.615 ms
 Computation time (max/min/avg): 77327.9 / 0 / 57973.1 ms
-------------------------------------------------
-------------------------------------------------
 Generation time (max/min/avg): 352.73 / 350.104 / 351.517 ms
 Computation time (max/min/avg): 77318.9 / 0 / 57967.6 ms
-------------------------------------------------
=== FIN TAREA ARRAY ID: 18 ===
=== FIN TAREA ARRAY ID: 19 ===
=== FIN TAREA ARRAY ID: 20 ===
=== FIN TAREA ARRAY ID: 17 ===
=== INICIO TAREA ARRAY ID: 22 (Semilla: ) ===
=== INICIO TAREA ARRAY ID: 23 (Semilla: ) ===
=== INICIO TAREA ARRAY ID: 24 (Semilla: ) ===
=== INICIO TAREA ARRAY ID: 21 (Semilla: ) ===
-------------------------------------------------
 Generation time (max/min/avg): 353.787 / 352.429 / 353.159 ms
 Computation time (max/min/avg): 77324 / 0 / 57968.9 ms
-------------------------------------------------
-------------------------------------------------
 Generation time (max/min/avg): 352.895 / 350.174 / 351.401 ms
 Computation time (max/min/avg): 77312.2 / 0 / 57967.4 ms
-------------------------------------------------
-------------------------------------------------
 Generation time (max/min/avg): 352.307 / 351.411 / 351.869 ms
 Computation time (max/min/avg): 77330.5 / 0 / 57973.1 ms
-------------------------------------------------
-------------------------------------------------
 Generation time (max/min/avg): 353.648 / 352.093 / 352.637 ms
 Computation time (max/min/avg): 77333.3 / 0 / 57975.1 ms
-------------------------------------------------
=== FIN TAREA ARRAY ID: 22 ===
=== FIN TAREA ARRAY ID: 21 ===
=== FIN TAREA ARRAY ID: 23 ===
=== FIN TAREA ARRAY ID: 24 ===
=== INICIO TAREA ARRAY ID: 26 (Semilla: ) ===
=== INICIO TAREA ARRAY ID: 27 (Semilla: ) ===
=== INICIO TAREA ARRAY ID: 25 (Semilla: ) ===
=== INICIO TAREA ARRAY ID: 28 (Semilla: ) ===
-------------------------------------------------
 Generation time (max/min/avg): 353.702 / 351.382 / 352.568 ms
 Computation time (max/min/avg): 77328.2 / 0 / 57972.7 ms
-------------------------------------------------
-------------------------------------------------
 Generation time (max/min/avg): 353.312 / 352.433 / 353.027 ms
 Computation time (max/min/avg): 77328 / 0 / 57971.1 ms
-------------------------------------------------
-------------------------------------------------
 Generation time (max/min/avg): 353.639 / 352.604 / 353.186 ms
 Computation time (max/min/avg): 77332.8 / 0 / 57976.6 ms
-------------------------------------------------
-------------------------------------------------
 Generation time (max/min/avg): 353.132 / 350.043 / 351.643 ms
 Computation time (max/min/avg): 77337.9 / 0 / 57971.3 ms
-------------------------------------------------
=== FIN TAREA ARRAY ID: 27 ===
=== FIN TAREA ARRAY ID: 26 ===
=== FIN TAREA ARRAY ID: 28 ===
=== FIN TAREA ARRAY ID: 25 ===
=== INICIO TAREA ARRAY ID: 30 (Semilla: ) ===
=== INICIO TAREA ARRAY ID: 29 (Semilla: ) ===
-------------------------------------------------
 Generation time (max/min/avg): 353.046 / 352.581 / 352.743 ms
 Computation time (max/min/avg): 77314 / 0 / 57960.6 ms
-------------------------------------------------
-------------------------------------------------
 Generation time (max/min/avg): 353.23 / 350.389 / 351.623 ms
 Computation time (max/min/avg): 77318.1 / 0 / 57958.4 ms
-------------------------------------------------
=== FIN TAREA ARRAY ID: 30 ===
=== FIN TAREA ARRAY ID: 29 ===
