=== INICIO TAREA ARRAY ID: 1 (Semilla: ) ===
=== INICIO TAREA ARRAY ID: 2 (Semilla: ) ===
-------------------------------------------------
 Prime numbers found : 5100356
 Generation time (max/min/avg) : 0 / 0 / 0 ms
 Computation time (max/min/avg): 57983 / 57917.3 / 57955.1 ms
-------------------------------------------------
-------------------------------------------------
 Prime numbers found : 5100356
 Generation time (max/min/avg) : 0 / 0 / 0 ms
 Computation time (max/min/avg): 58063.7 / 57926.8 / 57978.5 ms
-------------------------------------------------
=== FIN TAREA ARRAY ID: 2 ===
=== FIN TAREA ARRAY ID: 1 ===
=== INICIO TAREA ARRAY ID: 4 (Semilla: ) ===
=== INICIO TAREA ARRAY ID: 5 (Semilla: ) ===
=== INICIO TAREA ARRAY ID: 3 (Semilla: ) ===
=== INICIO TAREA ARRAY ID: 6 (Semilla: ) ===
-------------------------------------------------
 Prime numbers found : 5100356
 Generation time (max/min/avg) : 0 / 0 / 0 ms
 Computation time (max/min/avg): 58014.1 / 57956.8 / 57981.3 ms
-------------------------------------------------
-------------------------------------------------
 Prime numbers found : 5100356
 Generation time (max/min/avg) : 0 / 0 / 0 ms
 Computation time (max/min/avg): 57981.9 / 57931.6 / 57960.2 ms
-------------------------------------------------
-------------------------------------------------
 Prime numbers found : 5100356
 Generation time (max/min/avg) : 0 / 0 / 0 ms
 Computation time (max/min/avg): 58042.8 / 57946 / 57996.9 ms
-------------------------------------------------
-------------------------------------------------
 Prime numbers found : 5100356
 Generation time (max/min/avg) : 0 / 0 / 0 ms
 Computation time (max/min/avg): 58065.2 / 57913.4 / 57975.7 ms
-------------------------------------------------
=== FIN TAREA ARRAY ID: 6 ===
=== FIN TAREA ARRAY ID: 5 ===
=== FIN TAREA ARRAY ID: 3 ===
=== FIN TAREA ARRAY ID: 4 ===
=== INICIO TAREA ARRAY ID: 9 (Semilla: ) ===
=== INICIO TAREA ARRAY ID: 8 (Semilla: ) ===
=== INICIO TAREA ARRAY ID: 10 (Semilla: ) ===
=== INICIO TAREA ARRAY ID: 7 (Semilla: ) ===
-------------------------------------------------
 Prime numbers found : 5100356
 Generation time (max/min/avg) : 0 / 0 / 0 ms
 Computation time (max/min/avg): 57994.7 / 57961.5 / 57979.6 ms
-------------------------------------------------
-------------------------------------------------
 Prime numbers found : 5100356
 Generation time (max/min/avg) : 0 / 0 / 0 ms
 Computation time (max/min/avg): 58006 / 57953 / 57981.5 ms
-------------------------------------------------
-------------------------------------------------
 Prime numbers found : 5100356
 Generation time (max/min/avg) : 0 / 0 / 0 ms
 Computation time (max/min/avg): 58028.8 / 57974.3 / 57998.7 ms
-------------------------------------------------
-------------------------------------------------
 Prime numbers found : 5100356
 Generation time (max/min/avg) : 0 / 0 / 0 ms
 Computation time (max/min/avg): 58066.9 / 57956.3 / 58017 ms
-------------------------------------------------
=== FIN TAREA ARRAY ID: 8 ===
=== FIN TAREA ARRAY ID: 10 ===
=== FIN TAREA ARRAY ID: 9 ===
=== FIN TAREA ARRAY ID: 7 ===
=== INICIO TAREA ARRAY ID: 13 (Semilla: ) ===
=== INICIO TAREA ARRAY ID: 12 (Semilla: ) ===
=== INICIO TAREA ARRAY ID: 11 (Semilla: ) ===
=== INICIO TAREA ARRAY ID: 14 (Semilla: ) ===
-------------------------------------------------
 Prime numbers found : 5100356
 Generation time (max/min/avg) : 0 / 0 / 0 ms
 Computation time (max/min/avg): 57987.5 / 57931.3 / 57954.5 ms
-------------------------------------------------
-------------------------------------------------
 Prime numbers found : 5100356
 Generation time (max/min/avg) : 0 / 0 / 0 ms
 Computation time (max/min/avg): 57985.8 / 57920.5 / 57960.1 ms
-------------------------------------------------
-------------------------------------------------
 Prime numbers found : 5100356
 Generation time (max/min/avg) : 0 / 0 / 0 ms
 Computation time (max/min/avg): 58010.6 / 57942 / 57977.5 ms
-------------------------------------------------
-------------------------------------------------
 Prime numbers found : 5100356
 Generation time (max/min/avg) : 0 / 0 / 0 ms
 Computation time (max/min/avg): 58038.9 / 57917.6 / 57979.2 ms
-------------------------------------------------
=== FIN TAREA ARRAY ID: 11 ===
=== FIN TAREA ARRAY ID: 12 ===
=== FIN TAREA ARRAY ID: 13 ===
=== FIN TAREA ARRAY ID: 14 ===
=== INICIO TAREA ARRAY ID: 17 (Semilla: ) ===
=== INICIO TAREA ARRAY ID: 16 (Semilla: ) ===
=== INICIO TAREA ARRAY ID: 15 (Semilla: ) ===
=== INICIO TAREA ARRAY ID: 18 (Semilla: ) ===
-------------------------------------------------
 Prime numbers found : 5100356
 Generation time (max/min/avg) : 0 / 0 / 0 ms
 Computation time (max/min/avg): 58000.3 / 57958.3 / 57982 ms
-------------------------------------------------
-------------------------------------------------
 Prime numbers found : 5100356
 Generation time (max/min/avg) : 0 / 0 / 0 ms
 Computation time (max/min/avg): 58006.2 / 57948.7 / 57974.4 ms
-------------------------------------------------
-------------------------------------------------
 Prime numbers found : 5100356
 Generation time (max/min/avg) : 0 / 0 / 0 ms
 Computation time (max/min/avg): 58038.6 / 57919.9 / 57983.5 ms
-------------------------------------------------
-------------------------------------------------
 Prime numbers found : 5100356
 Generation time (max/min/avg) : 0 / 0 / 0 ms
 Computation time (max/min/avg): 58069.8 / 57951.3 / 58029.2 ms
-------------------------------------------------
=== FIN TAREA ARRAY ID: 18 ===
=== FIN TAREA ARRAY ID: 15 ===
=== FIN TAREA ARRAY ID: 16 ===
=== FIN TAREA ARRAY ID: 17 ===
=== INICIO TAREA ARRAY ID: 20 (Semilla: ) ===
=== INICIO TAREA ARRAY ID: 21 (Semilla: ) ===
=== INICIO TAREA ARRAY ID: 22 (Semilla: ) ===
=== INICIO TAREA ARRAY ID: 19 (Semilla: ) ===
-------------------------------------------------
 Prime numbers found : 5100356
 Generation time (max/min/avg) : 0 / 0 / 0 ms
 Computation time (max/min/avg): 57976 / 57922.3 / 57954.8 ms
-------------------------------------------------
-------------------------------------------------
 Prime numbers found : 5100356
 Generation time (max/min/avg) : 0 / 0 / 0 ms
 Computation time (max/min/avg): 57978.3 / 57924.7 / 57955.9 ms
-------------------------------------------------
-------------------------------------------------
 Prime numbers found : 5100356
 Generation time (max/min/avg) : 0 / 0 / 0 ms
 Computation time (max/min/avg): 58058.6 / 57982 / 58020.2 ms
-------------------------------------------------
-------------------------------------------------
 Prime numbers found : 5100356
 Generation time (max/min/avg) : 0 / 0 / 0 ms
 Computation time (max/min/avg): 58066.4 / 57947.2 / 57992 ms
-------------------------------------------------
=== FIN TAREA ARRAY ID: 20 ===
=== FIN TAREA ARRAY ID: 22 ===
=== FIN TAREA ARRAY ID: 21 ===
=== FIN TAREA ARRAY ID: 19 ===
=== INICIO TAREA ARRAY ID: 25 (Semilla: ) ===
=== INICIO TAREA ARRAY ID: 24 (Semilla: ) ===
=== INICIO TAREA ARRAY ID: 26 (Semilla: ) ===
=== INICIO TAREA ARRAY ID: 23 (Semilla: ) ===
-------------------------------------------------
 Prime numbers found : 5100356
 Generation time (max/min/avg) : 0 / 0 / 0 ms
 Computation time (max/min/avg): 57997.8 / 57944.8 / 57975.5 ms
-------------------------------------------------
-------------------------------------------------
 Prime numbers found : 5100356
 Generation time (max/min/avg) : 0 / 0 / 0 ms
 Computation time (max/min/avg): 58003.7 / 57941.2 / 57975.9 ms
-------------------------------------------------
-------------------------------------------------
 Prime numbers found : 5100356
 Generation time (max/min/avg) : 0 / 0 / 0 ms
 Computation time (max/min/avg): 58055.1 / 57919.2 / 57994.7 ms
-------------------------------------------------
-------------------------------------------------
 Prime numbers found : 5100356
 Generation time (max/min/avg) : 0 / 0 / 0 ms
 Computation time (max/min/avg): 58065.6 / 57919.2 / 57971.2 ms
-------------------------------------------------
=== FIN TAREA ARRAY ID: 24 ===
=== FIN TAREA ARRAY ID: 26 ===
=== FIN TAREA ARRAY ID: 25 ===
=== FIN TAREA ARRAY ID: 23 ===
=== INICIO TAREA ARRAY ID: 29 (Semilla: ) ===
=== INICIO TAREA ARRAY ID: 28 (Semilla: ) ===
=== INICIO TAREA ARRAY ID: 27 (Semilla: ) ===
=== INICIO TAREA ARRAY ID: 30 (Semilla: ) ===
-------------------------------------------------
 Prime numbers found : 5100356
 Generation time (max/min/avg) : 0 / 0 / 0 ms
 Computation time (max/min/avg): 57982.6 / 57908.7 / 57955.2 ms
-------------------------------------------------
-------------------------------------------------
 Prime numbers found : 5100356
 Generation time (max/min/avg) : 0 / 0 / 0 ms
 Computation time (max/min/avg): 57993.8 / 57915 / 57957.9 ms
-------------------------------------------------
-------------------------------------------------
 Prime numbers found : 5100356
 Generation time (max/min/avg) : 0 / 0 / 0 ms
 Computation time (max/min/avg): 58037.2 / 57918.1 / 57993.6 ms
-------------------------------------------------
-------------------------------------------------
 Prime numbers found : 5100356
 Generation time (max/min/avg) : 0 / 0 / 0 ms
 Computation time (max/min/avg): 58062 / 57924.4 / 57979.8 ms
-------------------------------------------------
=== FIN TAREA ARRAY ID: 28 ===
=== FIN TAREA ARRAY ID: 30 ===
=== FIN TAREA ARRAY ID: 27 ===
=== FIN TAREA ARRAY ID: 29 ===
